=== Addresses ===
Alice: 0x81edff0d5fabe3cbbf9ccb92c18cc1664eb38672e9262c9c8bd08c0bed258d81

=== Initial Coin Balances ===
Alice: 100000000

=== Creating Collection and Token ===

Collection data: {
    "address": "0xc2ae9b9441c39ac729404fe898d9c86a3625c0ea29549476cecb5941e0ca3313",
    "creator": "0x81edff0d5fabe3cbbf9ccb92c18cc1664eb38672e9262c9c8bd08c0bed258d81",
    "name": "idol-demo",
    "description": "Alice's simple collection",
    "uri": "https://aptos.dev"
}

Token owner: Alice
Token data: {
    "address": "0x57c3961f9c19be3ace9c8d47b28046860007467878fe94733d8ebb539f412901",
    "owner": "0x81edff0d5fabe3cbbf9ccb92c18cc1664eb38672e9262c9c8bd08c0bed258d81",
    "collection": "0xc2ae9b9441c39ac729404fe898d9c86a3625c0ea29549476cecb5941e0ca3313",
    "description": "Alice's simple token",
    "name": "ikun",
    "uri": "https://aptos.dev/img/nyan.jpeg",
    "index": "1"
}
Token owner: Alice